1760452329492|1|statement|connection 67|url jdbc:h2:mem:77e44861-0244-4bae-82f0-c25062ca6345|     drop table if exists members cascade |     drop table if exists members cascade 
1760452329493|0|statement|connection 67|url jdbc:h2:mem:77e44861-0244-4bae-82f0-c25062ca6345|     drop table if exists question cascade |     drop table if exists question cascade 
1760452329495|1|statement|connection 67|url jdbc:h2:mem:77e44861-0244-4bae-82f0-c25062ca6345|     drop table if exists question_multiple_choice cascade |     drop table if exists question_multiple_choice cascade 
1760452329496|0|statement|connection 67|url jdbc:h2:mem:77e44861-0244-4bae-82f0-c25062ca6345|     drop table if exists question_options cascade |     drop table if exists question_options cascade 
1760452329497|0|statement|connection 67|url jdbc:h2:mem:77e44861-0244-4bae-82f0-c25062ca6345|     drop table if exists question_set_source cascade |     drop table if exists question_set_source cascade 
1760452329498|0|statement|connection 67|url jdbc:h2:mem:77e44861-0244-4bae-82f0-c25062ca6345|     drop table if exists question_short_answer cascade |     drop table if exists question_short_answer cascade 
1760452329498|0|statement|connection 67|url jdbc:h2:mem:77e44861-0244-4bae-82f0-c25062ca6345|     drop table if exists question_true_false cascade |     drop table if exists question_true_false cascade 
1760452329499|0|statement|connection 67|url jdbc:h2:mem:77e44861-0244-4bae-82f0-c25062ca6345|     drop table if exists question_set cascade |     drop table if exists question_set cascade 
1760452329499|0|statement|connection 67|url jdbc:h2:mem:77e44861-0244-4bae-82f0-c25062ca6345|     drop table if exists source cascade |     drop table if exists source cascade 
1760452329500|0|statement|connection 67|url jdbc:h2:mem:77e44861-0244-4bae-82f0-c25062ca6345|     drop table if exists source_folder cascade |     drop table if exists source_folder cascade 
1760452329501|0|statement|connection 67|url jdbc:h2:mem:77e44861-0244-4bae-82f0-c25062ca6345|     drop table if exists wrong_answer cascade |     drop table if exists wrong_answer cascade 
1760452329518|1|statement|connection 68|url jdbc:h2:mem:f12b443e-732e-4bde-83ee-d33de0396562|     drop table if exists members cascade |     drop table if exists members cascade 
1760452329518|0|statement|connection 68|url jdbc:h2:mem:f12b443e-732e-4bde-83ee-d33de0396562|     drop table if exists question cascade |     drop table if exists question cascade 
1760452329519|0|statement|connection 68|url jdbc:h2:mem:f12b443e-732e-4bde-83ee-d33de0396562|     drop table if exists question_multiple_choice cascade |     drop table if exists question_multiple_choice cascade 
1760452329519|0|statement|connection 68|url jdbc:h2:mem:f12b443e-732e-4bde-83ee-d33de0396562|     drop table if exists question_options cascade |     drop table if exists question_options cascade 
1760452329519|0|statement|connection 68|url jdbc:h2:mem:f12b443e-732e-4bde-83ee-d33de0396562|     drop table if exists question_set_source cascade |     drop table if exists question_set_source cascade 
1760452329520|0|statement|connection 68|url jdbc:h2:mem:f12b443e-732e-4bde-83ee-d33de0396562|     drop table if exists question_short_answer cascade |     drop table if exists question_short_answer cascade 
1760452329520|0|statement|connection 68|url jdbc:h2:mem:f12b443e-732e-4bde-83ee-d33de0396562|     drop table if exists question_true_false cascade |     drop table if exists question_true_false cascade 
1760452329520|0|statement|connection 68|url jdbc:h2:mem:f12b443e-732e-4bde-83ee-d33de0396562|     drop table if exists question_set cascade |     drop table if exists question_set cascade 
1760452329520|0|statement|connection 68|url jdbc:h2:mem:f12b443e-732e-4bde-83ee-d33de0396562|     drop table if exists source cascade |     drop table if exists source cascade 
1760452329520|0|statement|connection 68|url jdbc:h2:mem:f12b443e-732e-4bde-83ee-d33de0396562|     drop table if exists source_folder cascade |     drop table if exists source_folder cascade 
1760452329521|0|statement|connection 68|url jdbc:h2:mem:f12b443e-732e-4bde-83ee-d33de0396562|     drop table if exists wrong_answer cascade |     drop table if exists wrong_answer cascade 
1760453458302|3|statement|connection 64|url jdbc:h2:mem:5a58becd-59a5-4911-beb0-1408970823c9|     drop table if exists members cascade |     drop table if exists members cascade 
1760453458305|2|statement|connection 64|url jdbc:h2:mem:5a58becd-59a5-4911-beb0-1408970823c9|     drop table if exists question cascade |     drop table if exists question cascade 
1760453458306|0|statement|connection 64|url jdbc:h2:mem:5a58becd-59a5-4911-beb0-1408970823c9|     drop table if exists question_multiple_choice cascade |     drop table if exists question_multiple_choice cascade 
1760453458307|0|statement|connection 64|url jdbc:h2:mem:5a58becd-59a5-4911-beb0-1408970823c9|     drop table if exists question_options cascade |     drop table if exists question_options cascade 
1760453458308|0|statement|connection 64|url jdbc:h2:mem:5a58becd-59a5-4911-beb0-1408970823c9|     drop table if exists question_set_source cascade |     drop table if exists question_set_source cascade 
1760453458309|0|statement|connection 64|url jdbc:h2:mem:5a58becd-59a5-4911-beb0-1408970823c9|     drop table if exists question_short_answer cascade |     drop table if exists question_short_answer cascade 
1760453458312|3|statement|connection 64|url jdbc:h2:mem:5a58becd-59a5-4911-beb0-1408970823c9|     drop table if exists question_true_false cascade |     drop table if exists question_true_false cascade 
1760453458313|1|statement|connection 64|url jdbc:h2:mem:5a58becd-59a5-4911-beb0-1408970823c9|     drop table if exists question_set cascade |     drop table if exists question_set cascade 
1760453458315|1|statement|connection 64|url jdbc:h2:mem:5a58becd-59a5-4911-beb0-1408970823c9|     drop table if exists source cascade |     drop table if exists source cascade 
1760453458316|0|statement|connection 64|url jdbc:h2:mem:5a58becd-59a5-4911-beb0-1408970823c9|     drop table if exists source_folder cascade |     drop table if exists source_folder cascade 
1760453458320|3|statement|connection 64|url jdbc:h2:mem:5a58becd-59a5-4911-beb0-1408970823c9|     drop table if exists wrong_answer cascade |     drop table if exists wrong_answer cascade 
1760453458359|6|statement|connection 65|url jdbc:h2:mem:272b6834-53c1-486b-af7f-ab8e875acb2b|     drop table if exists members cascade |     drop table if exists members cascade 
1760453458360|1|statement|connection 65|url jdbc:h2:mem:272b6834-53c1-486b-af7f-ab8e875acb2b|     drop table if exists question cascade |     drop table if exists question cascade 
1760453458362|1|statement|connection 65|url jdbc:h2:mem:272b6834-53c1-486b-af7f-ab8e875acb2b|     drop table if exists question_multiple_choice cascade |     drop table if exists question_multiple_choice cascade 
1760453458363|1|statement|connection 65|url jdbc:h2:mem:272b6834-53c1-486b-af7f-ab8e875acb2b|     drop table if exists question_options cascade |     drop table if exists question_options cascade 
1760453458364|0|statement|connection 65|url jdbc:h2:mem:272b6834-53c1-486b-af7f-ab8e875acb2b|     drop table if exists question_set_source cascade |     drop table if exists question_set_source cascade 
1760453458365|0|statement|connection 65|url jdbc:h2:mem:272b6834-53c1-486b-af7f-ab8e875acb2b|     drop table if exists question_short_answer cascade |     drop table if exists question_short_answer cascade 
1760453458366|0|statement|connection 65|url jdbc:h2:mem:272b6834-53c1-486b-af7f-ab8e875acb2b|     drop table if exists question_true_false cascade |     drop table if exists question_true_false cascade 
1760453458366|0|statement|connection 65|url jdbc:h2:mem:272b6834-53c1-486b-af7f-ab8e875acb2b|     drop table if exists question_set cascade |     drop table if exists question_set cascade 
1760453458367|0|statement|connection 65|url jdbc:h2:mem:272b6834-53c1-486b-af7f-ab8e875acb2b|     drop table if exists source cascade |     drop table if exists source cascade 
1760453458369|1|statement|connection 65|url jdbc:h2:mem:272b6834-53c1-486b-af7f-ab8e875acb2b|     drop table if exists source_folder cascade |     drop table if exists source_folder cascade 
1760453458370|1|statement|connection 65|url jdbc:h2:mem:272b6834-53c1-486b-af7f-ab8e875acb2b|     drop table if exists wrong_answer cascade |     drop table if exists wrong_answer cascade 
1760453487893|1|statement|connection 64|url jdbc:h2:mem:62407d67-8f01-49e7-a4b3-04038d76ba13|     drop table if exists members cascade |     drop table if exists members cascade 
1760453487895|0|statement|connection 64|url jdbc:h2:mem:62407d67-8f01-49e7-a4b3-04038d76ba13|     drop table if exists question cascade |     drop table if exists question cascade 
1760453487895|0|statement|connection 64|url jdbc:h2:mem:62407d67-8f01-49e7-a4b3-04038d76ba13|     drop table if exists question_multiple_choice cascade |     drop table if exists question_multiple_choice cascade 
1760453487896|0|statement|connection 64|url jdbc:h2:mem:62407d67-8f01-49e7-a4b3-04038d76ba13|     drop table if exists question_options cascade |     drop table if exists question_options cascade 
1760453487897|0|statement|connection 64|url jdbc:h2:mem:62407d67-8f01-49e7-a4b3-04038d76ba13|     drop table if exists question_set_source cascade |     drop table if exists question_set_source cascade 
1760453487897|0|statement|connection 64|url jdbc:h2:mem:62407d67-8f01-49e7-a4b3-04038d76ba13|     drop table if exists question_short_answer cascade |     drop table if exists question_short_answer cascade 
1760453487898|0|statement|connection 64|url jdbc:h2:mem:62407d67-8f01-49e7-a4b3-04038d76ba13|     drop table if exists question_true_false cascade |     drop table if exists question_true_false cascade 
1760453487898|0|statement|connection 64|url jdbc:h2:mem:62407d67-8f01-49e7-a4b3-04038d76ba13|     drop table if exists question_set cascade |     drop table if exists question_set cascade 
1760453487899|0|statement|connection 64|url jdbc:h2:mem:62407d67-8f01-49e7-a4b3-04038d76ba13|     drop table if exists source cascade |     drop table if exists source cascade 
1760453487899|0|statement|connection 64|url jdbc:h2:mem:62407d67-8f01-49e7-a4b3-04038d76ba13|     drop table if exists source_folder cascade |     drop table if exists source_folder cascade 
1760453487900|0|statement|connection 64|url jdbc:h2:mem:62407d67-8f01-49e7-a4b3-04038d76ba13|     drop table if exists wrong_answer cascade |     drop table if exists wrong_answer cascade 
1760453487916|1|statement|connection 65|url jdbc:h2:mem:2689d4dd-54c7-44b4-bbe2-98d107edf2ee|     drop table if exists members cascade |     drop table if exists members cascade 
1760453487917|0|statement|connection 65|url jdbc:h2:mem:2689d4dd-54c7-44b4-bbe2-98d107edf2ee|     drop table if exists question cascade |     drop table if exists question cascade 
1760453487918|0|statement|connection 65|url jdbc:h2:mem:2689d4dd-54c7-44b4-bbe2-98d107edf2ee|     drop table if exists question_multiple_choice cascade |     drop table if exists question_multiple_choice cascade 
1760453487918|0|statement|connection 65|url jdbc:h2:mem:2689d4dd-54c7-44b4-bbe2-98d107edf2ee|     drop table if exists question_options cascade |     drop table if exists question_options cascade 
1760453487919|0|statement|connection 65|url jdbc:h2:mem:2689d4dd-54c7-44b4-bbe2-98d107edf2ee|     drop table if exists question_set_source cascade |     drop table if exists question_set_source cascade 
1760453487919|0|statement|connection 65|url jdbc:h2:mem:2689d4dd-54c7-44b4-bbe2-98d107edf2ee|     drop table if exists question_short_answer cascade |     drop table if exists question_short_answer cascade 
1760453487920|0|statement|connection 65|url jdbc:h2:mem:2689d4dd-54c7-44b4-bbe2-98d107edf2ee|     drop table if exists question_true_false cascade |     drop table if exists question_true_false cascade 
1760453487920|0|statement|connection 65|url jdbc:h2:mem:2689d4dd-54c7-44b4-bbe2-98d107edf2ee|     drop table if exists question_set cascade |     drop table if exists question_set cascade 
1760453487920|0|statement|connection 65|url jdbc:h2:mem:2689d4dd-54c7-44b4-bbe2-98d107edf2ee|     drop table if exists source cascade |     drop table if exists source cascade 
1760453487921|0|statement|connection 65|url jdbc:h2:mem:2689d4dd-54c7-44b4-bbe2-98d107edf2ee|     drop table if exists source_folder cascade |     drop table if exists source_folder cascade 
1760453487922|0|statement|connection 65|url jdbc:h2:mem:2689d4dd-54c7-44b4-bbe2-98d107edf2ee|     drop table if exists wrong_answer cascade |     drop table if exists wrong_answer cascade 
1760453556586|1|statement|connection 65|url jdbc:h2:mem:26f7c9eb-0301-4d3b-8ab0-64554cff62d1|     drop table if exists members cascade |     drop table if exists members cascade 
1760453556588|1|statement|connection 65|url jdbc:h2:mem:26f7c9eb-0301-4d3b-8ab0-64554cff62d1|     drop table if exists question cascade |     drop table if exists question cascade 
1760453556589|0|statement|connection 65|url jdbc:h2:mem:26f7c9eb-0301-4d3b-8ab0-64554cff62d1|     drop table if exists question_multiple_choice cascade |     drop table if exists question_multiple_choice cascade 
1760453556589|0|statement|connection 65|url jdbc:h2:mem:26f7c9eb-0301-4d3b-8ab0-64554cff62d1|     drop table if exists question_options cascade |     drop table if exists question_options cascade 
1760453556590|0|statement|connection 65|url jdbc:h2:mem:26f7c9eb-0301-4d3b-8ab0-64554cff62d1|     drop table if exists question_set_source cascade |     drop table if exists question_set_source cascade 
1760453556590|0|statement|connection 65|url jdbc:h2:mem:26f7c9eb-0301-4d3b-8ab0-64554cff62d1|     drop table if exists question_short_answer cascade |     drop table if exists question_short_answer cascade 
1760453556591|0|statement|connection 65|url jdbc:h2:mem:26f7c9eb-0301-4d3b-8ab0-64554cff62d1|     drop table if exists question_true_false cascade |     drop table if exists question_true_false cascade 
1760453556591|0|statement|connection 65|url jdbc:h2:mem:26f7c9eb-0301-4d3b-8ab0-64554cff62d1|     drop table if exists question_set cascade |     drop table if exists question_set cascade 
1760453556592|0|statement|connection 65|url jdbc:h2:mem:26f7c9eb-0301-4d3b-8ab0-64554cff62d1|     drop table if exists source cascade |     drop table if exists source cascade 
1760453556592|0|statement|connection 65|url jdbc:h2:mem:26f7c9eb-0301-4d3b-8ab0-64554cff62d1|     drop table if exists source_folder cascade |     drop table if exists source_folder cascade 
1760453556593|0|statement|connection 65|url jdbc:h2:mem:26f7c9eb-0301-4d3b-8ab0-64554cff62d1|     drop table if exists wrong_answer cascade |     drop table if exists wrong_answer cascade 
1760453556614|1|statement|connection 66|url jdbc:h2:mem:20cee4fb-d802-43f1-9431-b3bfef65d75c|     drop table if exists members cascade |     drop table if exists members cascade 
1760453556615|0|statement|connection 66|url jdbc:h2:mem:20cee4fb-d802-43f1-9431-b3bfef65d75c|     drop table if exists question cascade |     drop table if exists question cascade 
1760453556616|0|statement|connection 66|url jdbc:h2:mem:20cee4fb-d802-43f1-9431-b3bfef65d75c|     drop table if exists question_multiple_choice cascade |     drop table if exists question_multiple_choice cascade 
1760453556616|0|statement|connection 66|url jdbc:h2:mem:20cee4fb-d802-43f1-9431-b3bfef65d75c|     drop table if exists question_options cascade |     drop table if exists question_options cascade 
1760453556617|0|statement|connection 66|url jdbc:h2:mem:20cee4fb-d802-43f1-9431-b3bfef65d75c|     drop table if exists question_set_source cascade |     drop table if exists question_set_source cascade 
1760453556617|0|statement|connection 66|url jdbc:h2:mem:20cee4fb-d802-43f1-9431-b3bfef65d75c|     drop table if exists question_short_answer cascade |     drop table if exists question_short_answer cascade 
1760453556618|0|statement|connection 66|url jdbc:h2:mem:20cee4fb-d802-43f1-9431-b3bfef65d75c|     drop table if exists question_true_false cascade |     drop table if exists question_true_false cascade 
1760453556618|0|statement|connection 66|url jdbc:h2:mem:20cee4fb-d802-43f1-9431-b3bfef65d75c|     drop table if exists question_set cascade |     drop table if exists question_set cascade 
1760453556619|0|statement|connection 66|url jdbc:h2:mem:20cee4fb-d802-43f1-9431-b3bfef65d75c|     drop table if exists source cascade |     drop table if exists source cascade 
1760453556619|0|statement|connection 66|url jdbc:h2:mem:20cee4fb-d802-43f1-9431-b3bfef65d75c|     drop table if exists source_folder cascade |     drop table if exists source_folder cascade 
1760453556620|0|statement|connection 66|url jdbc:h2:mem:20cee4fb-d802-43f1-9431-b3bfef65d75c|     drop table if exists wrong_answer cascade |     drop table if exists wrong_answer cascade 
1760453681331|0|statement|connection 65|url jdbc:h2:mem:03fcacc7-e183-4965-8359-4d16f0f86a65|     drop table if exists members cascade |     drop table if exists members cascade 
1760453681332|0|statement|connection 65|url jdbc:h2:mem:03fcacc7-e183-4965-8359-4d16f0f86a65|     drop table if exists question cascade |     drop table if exists question cascade 
1760453681333|0|statement|connection 65|url jdbc:h2:mem:03fcacc7-e183-4965-8359-4d16f0f86a65|     drop table if exists question_multiple_choice cascade |     drop table if exists question_multiple_choice cascade 
1760453681334|0|statement|connection 65|url jdbc:h2:mem:03fcacc7-e183-4965-8359-4d16f0f86a65|     drop table if exists question_options cascade |     drop table if exists question_options cascade 
1760453681334|0|statement|connection 65|url jdbc:h2:mem:03fcacc7-e183-4965-8359-4d16f0f86a65|     drop table if exists question_set_source cascade |     drop table if exists question_set_source cascade 
1760453681335|0|statement|connection 65|url jdbc:h2:mem:03fcacc7-e183-4965-8359-4d16f0f86a65|     drop table if exists question_short_answer cascade |     drop table if exists question_short_answer cascade 
1760453681335|0|statement|connection 65|url jdbc:h2:mem:03fcacc7-e183-4965-8359-4d16f0f86a65|     drop table if exists question_true_false cascade |     drop table if exists question_true_false cascade 
1760453681336|0|statement|connection 65|url jdbc:h2:mem:03fcacc7-e183-4965-8359-4d16f0f86a65|     drop table if exists question_set cascade |     drop table if exists question_set cascade 
1760453681336|0|statement|connection 65|url jdbc:h2:mem:03fcacc7-e183-4965-8359-4d16f0f86a65|     drop table if exists source cascade |     drop table if exists source cascade 
1760453681337|0|statement|connection 65|url jdbc:h2:mem:03fcacc7-e183-4965-8359-4d16f0f86a65|     drop table if exists source_folder cascade |     drop table if exists source_folder cascade 
1760453681338|0|statement|connection 65|url jdbc:h2:mem:03fcacc7-e183-4965-8359-4d16f0f86a65|     drop table if exists wrong_answer cascade |     drop table if exists wrong_answer cascade 
1760453681351|0|statement|connection 66|url jdbc:h2:mem:f6e68dca-3490-4603-99f3-ef74a57db409|     drop table if exists members cascade |     drop table if exists members cascade 
1760453681351|0|statement|connection 66|url jdbc:h2:mem:f6e68dca-3490-4603-99f3-ef74a57db409|     drop table if exists question cascade |     drop table if exists question cascade 
1760453681352|0|statement|connection 66|url jdbc:h2:mem:f6e68dca-3490-4603-99f3-ef74a57db409|     drop table if exists question_multiple_choice cascade |     drop table if exists question_multiple_choice cascade 
1760453681352|0|statement|connection 66|url jdbc:h2:mem:f6e68dca-3490-4603-99f3-ef74a57db409|     drop table if exists question_options cascade |     drop table if exists question_options cascade 
1760453681352|0|statement|connection 66|url jdbc:h2:mem:f6e68dca-3490-4603-99f3-ef74a57db409|     drop table if exists question_set_source cascade |     drop table if exists question_set_source cascade 
1760453681353|0|statement|connection 66|url jdbc:h2:mem:f6e68dca-3490-4603-99f3-ef74a57db409|     drop table if exists question_short_answer cascade |     drop table if exists question_short_answer cascade 
1760453681353|0|statement|connection 66|url jdbc:h2:mem:f6e68dca-3490-4603-99f3-ef74a57db409|     drop table if exists question_true_false cascade |     drop table if exists question_true_false cascade 
1760453681353|0|statement|connection 66|url jdbc:h2:mem:f6e68dca-3490-4603-99f3-ef74a57db409|     drop table if exists question_set cascade |     drop table if exists question_set cascade 
1760453681353|0|statement|connection 66|url jdbc:h2:mem:f6e68dca-3490-4603-99f3-ef74a57db409|     drop table if exists source cascade |     drop table if exists source cascade 
1760453681354|0|statement|connection 66|url jdbc:h2:mem:f6e68dca-3490-4603-99f3-ef74a57db409|     drop table if exists source_folder cascade |     drop table if exists source_folder cascade 
1760453681355|0|statement|connection 66|url jdbc:h2:mem:f6e68dca-3490-4603-99f3-ef74a57db409|     drop table if exists wrong_answer cascade |     drop table if exists wrong_answer cascade 
1760453856688|1|statement|connection 48|url jdbc:h2:mem:3fc7abde-9fda-4c4e-a2bd-11857a7e8ad4|     drop table if exists members cascade |     drop table if exists members cascade 
1760453856689|0|statement|connection 48|url jdbc:h2:mem:3fc7abde-9fda-4c4e-a2bd-11857a7e8ad4|     drop table if exists question cascade |     drop table if exists question cascade 
1760453856689|0|statement|connection 48|url jdbc:h2:mem:3fc7abde-9fda-4c4e-a2bd-11857a7e8ad4|     drop table if exists question_multiple_choice cascade |     drop table if exists question_multiple_choice cascade 
1760453856690|0|statement|connection 48|url jdbc:h2:mem:3fc7abde-9fda-4c4e-a2bd-11857a7e8ad4|     drop table if exists question_options cascade |     drop table if exists question_options cascade 
1760453856690|0|statement|connection 48|url jdbc:h2:mem:3fc7abde-9fda-4c4e-a2bd-11857a7e8ad4|     drop table if exists question_set_source cascade |     drop table if exists question_set_source cascade 
1760453856690|0|statement|connection 48|url jdbc:h2:mem:3fc7abde-9fda-4c4e-a2bd-11857a7e8ad4|     drop table if exists question_short_answer cascade |     drop table if exists question_short_answer cascade 
1760453856691|0|statement|connection 48|url jdbc:h2:mem:3fc7abde-9fda-4c4e-a2bd-11857a7e8ad4|     drop table if exists question_true_false cascade |     drop table if exists question_true_false cascade 
1760453856691|0|statement|connection 48|url jdbc:h2:mem:3fc7abde-9fda-4c4e-a2bd-11857a7e8ad4|     drop table if exists question_set cascade |     drop table if exists question_set cascade 
1760453856692|0|statement|connection 48|url jdbc:h2:mem:3fc7abde-9fda-4c4e-a2bd-11857a7e8ad4|     drop table if exists source cascade |     drop table if exists source cascade 
1760453856692|0|statement|connection 48|url jdbc:h2:mem:3fc7abde-9fda-4c4e-a2bd-11857a7e8ad4|     drop table if exists source_folder cascade |     drop table if exists source_folder cascade 
1760453856692|0|statement|connection 48|url jdbc:h2:mem:3fc7abde-9fda-4c4e-a2bd-11857a7e8ad4|     drop table if exists wrong_answer cascade |     drop table if exists wrong_answer cascade 
1760453882091|1|statement|connection 65|url jdbc:h2:mem:74403bfa-21e6-416d-95be-7325acddb405|     drop table if exists members cascade |     drop table if exists members cascade 
1760453882092|0|statement|connection 65|url jdbc:h2:mem:74403bfa-21e6-416d-95be-7325acddb405|     drop table if exists question cascade |     drop table if exists question cascade 
1760453882092|0|statement|connection 65|url jdbc:h2:mem:74403bfa-21e6-416d-95be-7325acddb405|     drop table if exists question_multiple_choice cascade |     drop table if exists question_multiple_choice cascade 
1760453882092|0|statement|connection 65|url jdbc:h2:mem:74403bfa-21e6-416d-95be-7325acddb405|     drop table if exists question_options cascade |     drop table if exists question_options cascade 
1760453882093|0|statement|connection 65|url jdbc:h2:mem:74403bfa-21e6-416d-95be-7325acddb405|     drop table if exists question_set_source cascade |     drop table if exists question_set_source cascade 
1760453882093|0|statement|connection 65|url jdbc:h2:mem:74403bfa-21e6-416d-95be-7325acddb405|     drop table if exists question_short_answer cascade |     drop table if exists question_short_answer cascade 
1760453882094|0|statement|connection 65|url jdbc:h2:mem:74403bfa-21e6-416d-95be-7325acddb405|     drop table if exists question_true_false cascade |     drop table if exists question_true_false cascade 
1760453882094|0|statement|connection 65|url jdbc:h2:mem:74403bfa-21e6-416d-95be-7325acddb405|     drop table if exists question_set cascade |     drop table if exists question_set cascade 
1760453882095|0|statement|connection 65|url jdbc:h2:mem:74403bfa-21e6-416d-95be-7325acddb405|     drop table if exists source cascade |     drop table if exists source cascade 
1760453882095|0|statement|connection 65|url jdbc:h2:mem:74403bfa-21e6-416d-95be-7325acddb405|     drop table if exists source_folder cascade |     drop table if exists source_folder cascade 
1760453882096|0|statement|connection 65|url jdbc:h2:mem:74403bfa-21e6-416d-95be-7325acddb405|     drop table if exists wrong_answer cascade |     drop table if exists wrong_answer cascade 
1760453882114|1|statement|connection 66|url jdbc:h2:mem:89df4b3f-9c44-4cfe-94f7-df493cd89afb|     drop table if exists members cascade |     drop table if exists members cascade 
1760453882116|0|statement|connection 66|url jdbc:h2:mem:89df4b3f-9c44-4cfe-94f7-df493cd89afb|     drop table if exists question cascade |     drop table if exists question cascade 
1760453882116|0|statement|connection 66|url jdbc:h2:mem:89df4b3f-9c44-4cfe-94f7-df493cd89afb|     drop table if exists question_multiple_choice cascade |     drop table if exists question_multiple_choice cascade 
1760453882117|0|statement|connection 66|url jdbc:h2:mem:89df4b3f-9c44-4cfe-94f7-df493cd89afb|     drop table if exists question_options cascade |     drop table if exists question_options cascade 
1760453882118|0|statement|connection 66|url jdbc:h2:mem:89df4b3f-9c44-4cfe-94f7-df493cd89afb|     drop table if exists question_set_source cascade |     drop table if exists question_set_source cascade 
1760453882119|0|statement|connection 66|url jdbc:h2:mem:89df4b3f-9c44-4cfe-94f7-df493cd89afb|     drop table if exists question_short_answer cascade |     drop table if exists question_short_answer cascade 
1760453882119|0|statement|connection 66|url jdbc:h2:mem:89df4b3f-9c44-4cfe-94f7-df493cd89afb|     drop table if exists question_true_false cascade |     drop table if exists question_true_false cascade 
1760453882120|0|statement|connection 66|url jdbc:h2:mem:89df4b3f-9c44-4cfe-94f7-df493cd89afb|     drop table if exists question_set cascade |     drop table if exists question_set cascade 
1760453882120|0|statement|connection 66|url jdbc:h2:mem:89df4b3f-9c44-4cfe-94f7-df493cd89afb|     drop table if exists source cascade |     drop table if exists source cascade 
1760453882121|0|statement|connection 66|url jdbc:h2:mem:89df4b3f-9c44-4cfe-94f7-df493cd89afb|     drop table if exists source_folder cascade |     drop table if exists source_folder cascade 
1760453882122|0|statement|connection 66|url jdbc:h2:mem:89df4b3f-9c44-4cfe-94f7-df493cd89afb|     drop table if exists wrong_answer cascade |     drop table if exists wrong_answer cascade 
1760454008728|2|statement|connection 66|url jdbc:h2:mem:5064e3e0-a48c-41ad-a906-ae801eb1a1e5|     drop table if exists members cascade |     drop table if exists members cascade 
1760454008730|1|statement|connection 66|url jdbc:h2:mem:5064e3e0-a48c-41ad-a906-ae801eb1a1e5|     drop table if exists question cascade |     drop table if exists question cascade 
1760454008732|0|statement|connection 66|url jdbc:h2:mem:5064e3e0-a48c-41ad-a906-ae801eb1a1e5|     drop table if exists question_multiple_choice cascade |     drop table if exists question_multiple_choice cascade 
1760454008732|0|statement|connection 66|url jdbc:h2:mem:5064e3e0-a48c-41ad-a906-ae801eb1a1e5|     drop table if exists question_options cascade |     drop table if exists question_options cascade 
1760454008734|0|statement|connection 66|url jdbc:h2:mem:5064e3e0-a48c-41ad-a906-ae801eb1a1e5|     drop table if exists question_set_source cascade |     drop table if exists question_set_source cascade 
1760454008734|0|statement|connection 66|url jdbc:h2:mem:5064e3e0-a48c-41ad-a906-ae801eb1a1e5|     drop table if exists question_short_answer cascade |     drop table if exists question_short_answer cascade 
1760454008735|0|statement|connection 66|url jdbc:h2:mem:5064e3e0-a48c-41ad-a906-ae801eb1a1e5|     drop table if exists question_true_false cascade |     drop table if exists question_true_false cascade 
1760454008736|1|statement|connection 66|url jdbc:h2:mem:5064e3e0-a48c-41ad-a906-ae801eb1a1e5|     drop table if exists question_set cascade |     drop table if exists question_set cascade 
1760454008738|0|statement|connection 66|url jdbc:h2:mem:5064e3e0-a48c-41ad-a906-ae801eb1a1e5|     drop table if exists source cascade |     drop table if exists source cascade 
1760454008738|0|statement|connection 66|url jdbc:h2:mem:5064e3e0-a48c-41ad-a906-ae801eb1a1e5|     drop table if exists source_folder cascade |     drop table if exists source_folder cascade 
1760454008740|1|statement|connection 66|url jdbc:h2:mem:5064e3e0-a48c-41ad-a906-ae801eb1a1e5|     drop table if exists wrong_answer cascade |     drop table if exists wrong_answer cascade 
1760454008756|0|statement|connection 67|url jdbc:h2:mem:a56fd723-61d5-4e81-9ed5-8a26d0ead309|     drop table if exists members cascade |     drop table if exists members cascade 
1760454008756|0|statement|connection 67|url jdbc:h2:mem:a56fd723-61d5-4e81-9ed5-8a26d0ead309|     drop table if exists question cascade |     drop table if exists question cascade 
1760454008757|0|statement|connection 67|url jdbc:h2:mem:a56fd723-61d5-4e81-9ed5-8a26d0ead309|     drop table if exists question_multiple_choice cascade |     drop table if exists question_multiple_choice cascade 
1760454008757|0|statement|connection 67|url jdbc:h2:mem:a56fd723-61d5-4e81-9ed5-8a26d0ead309|     drop table if exists question_options cascade |     drop table if exists question_options cascade 
1760454008757|0|statement|connection 67|url jdbc:h2:mem:a56fd723-61d5-4e81-9ed5-8a26d0ead309|     drop table if exists question_set_source cascade |     drop table if exists question_set_source cascade 
1760454008758|0|statement|connection 67|url jdbc:h2:mem:a56fd723-61d5-4e81-9ed5-8a26d0ead309|     drop table if exists question_short_answer cascade |     drop table if exists question_short_answer cascade 
1760454008758|0|statement|connection 67|url jdbc:h2:mem:a56fd723-61d5-4e81-9ed5-8a26d0ead309|     drop table if exists question_true_false cascade |     drop table if exists question_true_false cascade 
1760454008758|0|statement|connection 67|url jdbc:h2:mem:a56fd723-61d5-4e81-9ed5-8a26d0ead309|     drop table if exists question_set cascade |     drop table if exists question_set cascade 
1760454008758|0|statement|connection 67|url jdbc:h2:mem:a56fd723-61d5-4e81-9ed5-8a26d0ead309|     drop table if exists source cascade |     drop table if exists source cascade 
1760454008759|0|statement|connection 67|url jdbc:h2:mem:a56fd723-61d5-4e81-9ed5-8a26d0ead309|     drop table if exists source_folder cascade |     drop table if exists source_folder cascade 
1760454008759|0|statement|connection 67|url jdbc:h2:mem:a56fd723-61d5-4e81-9ed5-8a26d0ead309|     drop table if exists wrong_answer cascade |     drop table if exists wrong_answer cascade 
1760454008775|1|statement|connection 68|url jdbc:h2:mem:9c80ac0e-82db-4deb-952b-fd7203b05284|     drop table if exists members cascade |     drop table if exists members cascade 
1760454008776|0|statement|connection 68|url jdbc:h2:mem:9c80ac0e-82db-4deb-952b-fd7203b05284|     drop table if exists question cascade |     drop table if exists question cascade 
1760454008776|0|statement|connection 68|url jdbc:h2:mem:9c80ac0e-82db-4deb-952b-fd7203b05284|     drop table if exists question_multiple_choice cascade |     drop table if exists question_multiple_choice cascade 
1760454008777|0|statement|connection 68|url jdbc:h2:mem:9c80ac0e-82db-4deb-952b-fd7203b05284|     drop table if exists question_options cascade |     drop table if exists question_options cascade 
1760454008778|0|statement|connection 68|url jdbc:h2:mem:9c80ac0e-82db-4deb-952b-fd7203b05284|     drop table if exists question_set_source cascade |     drop table if exists question_set_source cascade 
1760454008778|0|statement|connection 68|url jdbc:h2:mem:9c80ac0e-82db-4deb-952b-fd7203b05284|     drop table if exists question_short_answer cascade |     drop table if exists question_short_answer cascade 
1760454008779|0|statement|connection 68|url jdbc:h2:mem:9c80ac0e-82db-4deb-952b-fd7203b05284|     drop table if exists question_true_false cascade |     drop table if exists question_true_false cascade 
1760454008779|0|statement|connection 68|url jdbc:h2:mem:9c80ac0e-82db-4deb-952b-fd7203b05284|     drop table if exists question_set cascade |     drop table if exists question_set cascade 
1760454008780|0|statement|connection 68|url jdbc:h2:mem:9c80ac0e-82db-4deb-952b-fd7203b05284|     drop table if exists source cascade |     drop table if exists source cascade 
1760454008780|0|statement|connection 68|url jdbc:h2:mem:9c80ac0e-82db-4deb-952b-fd7203b05284|     drop table if exists source_folder cascade |     drop table if exists source_folder cascade 
1760454008781|0|statement|connection 68|url jdbc:h2:mem:9c80ac0e-82db-4deb-952b-fd7203b05284|     drop table if exists wrong_answer cascade |     drop table if exists wrong_answer cascade 
1760455852738|1|statement|connection 67|url jdbc:h2:mem:ed45662c-6e31-4bba-a7dd-09dc91820be6|     drop table if exists members cascade |     drop table if exists members cascade 
1760455852740|1|statement|connection 67|url jdbc:h2:mem:ed45662c-6e31-4bba-a7dd-09dc91820be6|     drop table if exists question cascade |     drop table if exists question cascade 
1760455852741|0|statement|connection 67|url jdbc:h2:mem:ed45662c-6e31-4bba-a7dd-09dc91820be6|     drop table if exists question_multiple_choice cascade |     drop table if exists question_multiple_choice cascade 
1760455852741|0|statement|connection 67|url jdbc:h2:mem:ed45662c-6e31-4bba-a7dd-09dc91820be6|     drop table if exists question_options cascade |     drop table if exists question_options cascade 
1760455852742|0|statement|connection 67|url jdbc:h2:mem:ed45662c-6e31-4bba-a7dd-09dc91820be6|     drop table if exists question_set_source cascade |     drop table if exists question_set_source cascade 
1760455852743|0|statement|connection 67|url jdbc:h2:mem:ed45662c-6e31-4bba-a7dd-09dc91820be6|     drop table if exists question_short_answer cascade |     drop table if exists question_short_answer cascade 
1760455852744|0|statement|connection 67|url jdbc:h2:mem:ed45662c-6e31-4bba-a7dd-09dc91820be6|     drop table if exists question_true_false cascade |     drop table if exists question_true_false cascade 
1760455852744|0|statement|connection 67|url jdbc:h2:mem:ed45662c-6e31-4bba-a7dd-09dc91820be6|     drop table if exists question_set cascade |     drop table if exists question_set cascade 
1760455852745|0|statement|connection 67|url jdbc:h2:mem:ed45662c-6e31-4bba-a7dd-09dc91820be6|     drop table if exists source cascade |     drop table if exists source cascade 
1760455852746|0|statement|connection 67|url jdbc:h2:mem:ed45662c-6e31-4bba-a7dd-09dc91820be6|     drop table if exists source_folder cascade |     drop table if exists source_folder cascade 
1760455852747|0|statement|connection 67|url jdbc:h2:mem:ed45662c-6e31-4bba-a7dd-09dc91820be6|     drop table if exists wrong_answer cascade |     drop table if exists wrong_answer cascade 
1760455852765|1|statement|connection 68|url jdbc:h2:mem:e66defb2-9063-4a9d-9507-bfc3eebd4cab|     drop table if exists members cascade |     drop table if exists members cascade 
1760455852766|0|statement|connection 68|url jdbc:h2:mem:e66defb2-9063-4a9d-9507-bfc3eebd4cab|     drop table if exists question cascade |     drop table if exists question cascade 
1760455852767|0|statement|connection 68|url jdbc:h2:mem:e66defb2-9063-4a9d-9507-bfc3eebd4cab|     drop table if exists question_multiple_choice cascade |     drop table if exists question_multiple_choice cascade 
1760455852767|0|statement|connection 68|url jdbc:h2:mem:e66defb2-9063-4a9d-9507-bfc3eebd4cab|     drop table if exists question_options cascade |     drop table if exists question_options cascade 
1760455852768|0|statement|connection 68|url jdbc:h2:mem:e66defb2-9063-4a9d-9507-bfc3eebd4cab|     drop table if exists question_set_source cascade |     drop table if exists question_set_source cascade 
1760455852768|0|statement|connection 68|url jdbc:h2:mem:e66defb2-9063-4a9d-9507-bfc3eebd4cab|     drop table if exists question_short_answer cascade |     drop table if exists question_short_answer cascade 
1760455852770|1|statement|connection 68|url jdbc:h2:mem:e66defb2-9063-4a9d-9507-bfc3eebd4cab|     drop table if exists question_true_false cascade |     drop table if exists question_true_false cascade 
1760455852770|0|statement|connection 68|url jdbc:h2:mem:e66defb2-9063-4a9d-9507-bfc3eebd4cab|     drop table if exists question_set cascade |     drop table if exists question_set cascade 
1760455852771|0|statement|connection 68|url jdbc:h2:mem:e66defb2-9063-4a9d-9507-bfc3eebd4cab|     drop table if exists source cascade |     drop table if exists source cascade 
1760455852771|0|statement|connection 68|url jdbc:h2:mem:e66defb2-9063-4a9d-9507-bfc3eebd4cab|     drop table if exists source_folder cascade |     drop table if exists source_folder cascade 
1760455852772|0|statement|connection 68|url jdbc:h2:mem:e66defb2-9063-4a9d-9507-bfc3eebd4cab|     drop table if exists wrong_answer cascade |     drop table if exists wrong_answer cascade 
1760455852789|1|statement|connection 69|url jdbc:h2:mem:1b53ea57-aa40-4799-8442-6d2449fe730f|     drop table if exists members cascade |     drop table if exists members cascade 
1760455852790|0|statement|connection 69|url jdbc:h2:mem:1b53ea57-aa40-4799-8442-6d2449fe730f|     drop table if exists question cascade |     drop table if exists question cascade 
1760455852791|0|statement|connection 69|url jdbc:h2:mem:1b53ea57-aa40-4799-8442-6d2449fe730f|     drop table if exists question_multiple_choice cascade |     drop table if exists question_multiple_choice cascade 
1760455852792|0|statement|connection 69|url jdbc:h2:mem:1b53ea57-aa40-4799-8442-6d2449fe730f|     drop table if exists question_options cascade |     drop table if exists question_options cascade 
1760455852792|0|statement|connection 69|url jdbc:h2:mem:1b53ea57-aa40-4799-8442-6d2449fe730f|     drop table if exists question_set_source cascade |     drop table if exists question_set_source cascade 
1760455852793|0|statement|connection 69|url jdbc:h2:mem:1b53ea57-aa40-4799-8442-6d2449fe730f|     drop table if exists question_short_answer cascade |     drop table if exists question_short_answer cascade 
1760455852793|0|statement|connection 69|url jdbc:h2:mem:1b53ea57-aa40-4799-8442-6d2449fe730f|     drop table if exists question_true_false cascade |     drop table if exists question_true_false cascade 
1760455852793|0|statement|connection 69|url jdbc:h2:mem:1b53ea57-aa40-4799-8442-6d2449fe730f|     drop table if exists question_set cascade |     drop table if exists question_set cascade 
1760455852793|0|statement|connection 69|url jdbc:h2:mem:1b53ea57-aa40-4799-8442-6d2449fe730f|     drop table if exists source cascade |     drop table if exists source cascade 
1760455852794|0|statement|connection 69|url jdbc:h2:mem:1b53ea57-aa40-4799-8442-6d2449fe730f|     drop table if exists source_folder cascade |     drop table if exists source_folder cascade 
1760455852794|0|statement|connection 69|url jdbc:h2:mem:1b53ea57-aa40-4799-8442-6d2449fe730f|     drop table if exists wrong_answer cascade |     drop table if exists wrong_answer cascade 
1760458933027|1|statement|connection 67|url jdbc:h2:mem:7ef379d1-d540-466c-9078-be58b905f27b|     drop table if exists members cascade |     drop table if exists members cascade 
1760458933043|14|statement|connection 67|url jdbc:h2:mem:7ef379d1-d540-466c-9078-be58b905f27b|     drop table if exists question cascade |     drop table if exists question cascade 
1760458933044|0|statement|connection 67|url jdbc:h2:mem:7ef379d1-d540-466c-9078-be58b905f27b|     drop table if exists question_multiple_choice cascade |     drop table if exists question_multiple_choice cascade 
1760458933044|0|statement|connection 67|url jdbc:h2:mem:7ef379d1-d540-466c-9078-be58b905f27b|     drop table if exists question_options cascade |     drop table if exists question_options cascade 
1760458933045|0|statement|connection 67|url jdbc:h2:mem:7ef379d1-d540-466c-9078-be58b905f27b|     drop table if exists question_set_source cascade |     drop table if exists question_set_source cascade 
1760458933045|0|statement|connection 67|url jdbc:h2:mem:7ef379d1-d540-466c-9078-be58b905f27b|     drop table if exists question_short_answer cascade |     drop table if exists question_short_answer cascade 
1760458933046|0|statement|connection 67|url jdbc:h2:mem:7ef379d1-d540-466c-9078-be58b905f27b|     drop table if exists question_true_false cascade |     drop table if exists question_true_false cascade 
1760458933047|0|statement|connection 67|url jdbc:h2:mem:7ef379d1-d540-466c-9078-be58b905f27b|     drop table if exists question_set cascade |     drop table if exists question_set cascade 
1760458933047|0|statement|connection 67|url jdbc:h2:mem:7ef379d1-d540-466c-9078-be58b905f27b|     drop table if exists source cascade |     drop table if exists source cascade 
1760458933048|0|statement|connection 67|url jdbc:h2:mem:7ef379d1-d540-466c-9078-be58b905f27b|     drop table if exists source_folder cascade |     drop table if exists source_folder cascade 
1760458933048|0|statement|connection 67|url jdbc:h2:mem:7ef379d1-d540-466c-9078-be58b905f27b|     drop table if exists wrong_answer cascade |     drop table if exists wrong_answer cascade 
1760458933096|8|statement|connection 68|url jdbc:h2:mem:2501adbf-a999-47a2-9797-2a2d82f31247|     drop table if exists members cascade |     drop table if exists members cascade 
1760458933097|1|statement|connection 68|url jdbc:h2:mem:2501adbf-a999-47a2-9797-2a2d82f31247|     drop table if exists question cascade |     drop table if exists question cascade 
1760458933100|1|statement|connection 68|url jdbc:h2:mem:2501adbf-a999-47a2-9797-2a2d82f31247|     drop table if exists question_multiple_choice cascade |     drop table if exists question_multiple_choice cascade 
1760458933100|0|statement|connection 68|url jdbc:h2:mem:2501adbf-a999-47a2-9797-2a2d82f31247|     drop table if exists question_options cascade |     drop table if exists question_options cascade 
1760458933101|0|statement|connection 68|url jdbc:h2:mem:2501adbf-a999-47a2-9797-2a2d82f31247|     drop table if exists question_set_source cascade |     drop table if exists question_set_source cascade 
1760458933101|0|statement|connection 68|url jdbc:h2:mem:2501adbf-a999-47a2-9797-2a2d82f31247|     drop table if exists question_short_answer cascade |     drop table if exists question_short_answer cascade 
1760458933101|0|statement|connection 68|url jdbc:h2:mem:2501adbf-a999-47a2-9797-2a2d82f31247|     drop table if exists question_true_false cascade |     drop table if exists question_true_false cascade 
1760458933101|0|statement|connection 68|url jdbc:h2:mem:2501adbf-a999-47a2-9797-2a2d82f31247|     drop table if exists question_set cascade |     drop table if exists question_set cascade 
1760458933102|0|statement|connection 68|url jdbc:h2:mem:2501adbf-a999-47a2-9797-2a2d82f31247|     drop table if exists source cascade |     drop table if exists source cascade 
1760458933102|0|statement|connection 68|url jdbc:h2:mem:2501adbf-a999-47a2-9797-2a2d82f31247|     drop table if exists source_folder cascade |     drop table if exists source_folder cascade 
1760458933104|1|statement|connection 68|url jdbc:h2:mem:2501adbf-a999-47a2-9797-2a2d82f31247|     drop table if exists wrong_answer cascade |     drop table if exists wrong_answer cascade 
1760458933125|0|statement|connection 69|url jdbc:h2:mem:9f3899a7-6466-4484-89cd-440c4a655700|     drop table if exists members cascade |     drop table if exists members cascade 
1760458933126|0|statement|connection 69|url jdbc:h2:mem:9f3899a7-6466-4484-89cd-440c4a655700|     drop table if exists question cascade |     drop table if exists question cascade 
1760458933127|0|statement|connection 69|url jdbc:h2:mem:9f3899a7-6466-4484-89cd-440c4a655700|     drop table if exists question_multiple_choice cascade |     drop table if exists question_multiple_choice cascade 
1760458933127|0|statement|connection 69|url jdbc:h2:mem:9f3899a7-6466-4484-89cd-440c4a655700|     drop table if exists question_options cascade |     drop table if exists question_options cascade 
1760458933127|0|statement|connection 69|url jdbc:h2:mem:9f3899a7-6466-4484-89cd-440c4a655700|     drop table if exists question_set_source cascade |     drop table if exists question_set_source cascade 
1760458933128|0|statement|connection 69|url jdbc:h2:mem:9f3899a7-6466-4484-89cd-440c4a655700|     drop table if exists question_short_answer cascade |     drop table if exists question_short_answer cascade 
1760458933129|0|statement|connection 69|url jdbc:h2:mem:9f3899a7-6466-4484-89cd-440c4a655700|     drop table if exists question_true_false cascade |     drop table if exists question_true_false cascade 
1760458933130|0|statement|connection 69|url jdbc:h2:mem:9f3899a7-6466-4484-89cd-440c4a655700|     drop table if exists question_set cascade |     drop table if exists question_set cascade 
1760458933130|0|statement|connection 69|url jdbc:h2:mem:9f3899a7-6466-4484-89cd-440c4a655700|     drop table if exists source cascade |     drop table if exists source cascade 
1760458933131|0|statement|connection 69|url jdbc:h2:mem:9f3899a7-6466-4484-89cd-440c4a655700|     drop table if exists source_folder cascade |     drop table if exists source_folder cascade 
1760458933131|0|statement|connection 69|url jdbc:h2:mem:9f3899a7-6466-4484-89cd-440c4a655700|     drop table if exists wrong_answer cascade |     drop table if exists wrong_answer cascade 
